65 1086123 1000
0 0 1000
2 30708 1000
0 0 1000
0 0 1000
0 0 1000
0 0 1000
0 0 1000
0 0 1000
0 0 1000
60 1180777 1000
0 0 1000
10 58158 1000
0 0 1000
0 0 1000
0 0 1000
0 0 1000
0 0 1000
0 0 1000
0 0 1000
16 201176 1000
0 0 1000
3 31737 1000
0 0 1000
0 0 1000
0 0 1000
0 0 1000
0 0 1000
0 0 1000
0 0 1000
28 323461 1000
0 0 1000
15 253036 1000
0 0 1000
0 0 1000
0 0 1000
0 0 1000
0 0 1001
0 0 1001
0 0 1000
54 599655 1000
0 0 1000
13 290683 1001
0 0 1000
0 0 1000
0 0 1000
0 0 1000
0 0 1000
0 0 1000
0 0 1001
74 770335 1000
0 0 1000
3 29222 1000
0 0 1000
0 0 1000
0 0 1000
0 0 1000
0 0 1000
0 0 1000
0 0 1000
32 316062 1000
0 0 1000
16 244050 1000
0 0 1000
0 0 1000
0 0 1000
0 0 1000
0 0 1000
0 0 1000
0 0 1000
31 320839 1000
0 0 1000
6 52113 1000
0 0 1000
0 0 1000
0 0 1000
0 0 1001
0 0 1000
0 0 1000
1 12414 1000
68 694079 1000
0 0 1000
10 156088 1000
0 0 1000
0 0 1000
0 0 1001
0 0 1000
0 0 1000
0 0 1000
0 0 1000
18 153247 1003
0 0 1000
4 40822 1004
0 0 1002
0 0 1000
0 0 1001
0 0 1002
0 0 1001
0 0 1000
20 11627037 1000
20 357255 1000
0 0 1000
14 301878 1002
0 0 1000
0 0 1000
0 0 1004
0 0 1003
0 0 1001
0 0 1000
12 1660782 1000
31 908995 1001
0 0 1000
0 0 1003
0 0 1000
0 0 1000
0 0 1000
0 0 1000
0 0 1000
0 0 1001
13 117339 1000
23 134913 1000
2 9009 1000
0 0 1000
0 0 1000
0 0 1000
0 0 1000
0 0 1000
0 0 1000
0 0 1000
6 31859 1000
36 641579 1000
1 10703 1000
8 34624 1000
0 0 1003
0 0 1003
0 0 1000
0 0 1002
0 0 1001
0 0 1000
15 167642 1000
26 249491 1002
2 2449 1000
11 242598 1000
0 0 1000
0 0 1000
0 0 1000
0 0 1000
0 0 1002
0 0 1000
20 7202801 1000
16 144268 1000
0 0 1000
12 163555 1000
0 0 1001
0 0 1000
0 0 1000
0 0 1000
0 0 1000
0 0 1000
11 85879 1000
39 745505 1003
0 0 1000
0 0 1001
0 0 1003
0 0 1000
0 0 1001
0 0 1000
0 0 1000
0 0 1000
1 2384 1000
19 323621 1000
1 324 1000
2 2340 1004
0 0 1001
0 0 1002
2 796 1000
0 0 1000
0 0 1000
0 0 1004
6 761751 1000
23 370559 1000
0 0 1000
10 363245 1001
0 0 1002
0 0 1000
3 9999 1000
0 0 1000
0 0 1002
0 0 1000
9 147086 1000
35 476918 1003
0 0 1001
15 66601 1000
0 0 1002
0 0 1000
0 0 1000
0 0 1000
0 0 1000
0 0 1000
7 33772 1000
20 150082 1000
0 0 1000
0 0 1001
0 0 1004
0 0 1003
0 0 1000
0 0 1004
0 0 1000
0 0 1000
8 190492 1000
21 288921 1000
0 0 1000
0 0 1000
0 0 1003
0 0 1000
9 88917 1000
0 0 1004
0 0 1003
0 0 1000
13 386091 1000
49 553352 1003
0 0 1000
0 0 1000
0 0 1000
0 0 1000
0 0 1000
0 0 1000
0 0 1000
0 0 1000
6 27598 1001
19 413694 1000
7 5808786 1003
0 0 1003
0 0 1000
0 0 1000
2 25629 1003
0 0 1000
0 0 1000
0 0 1000
37 377312 1000
38 1510190 1000
5 190913 1000
0 0 1000
0 0 1000
0 0 1000
2 20884 1004
0 0 1000
0 0 1000
0 0 1001
16 248076 1000
10 106713 1000
0 0 1000
0 0 1002
0 0 1002
0 0 1001
10 57713 1000
0 0 1001
0 0 1002
0 0 1001
11 1585249 1000
14 189698 1000
0 0 1000
0 0 1003
0 0 1000
0 0 1000
0 0 1000
0 0 1000
0 0 1000
0 0 1000
13 153719 1000
22 827221 1000
0 0 1000
0 0 1001
0 0 1000
0 0 1000
0 0 1000
0 0 1003
0 0 1000
0 0 1000
11 134742 1000
6 50722 1000
20 1043228 1000
0 0 1000
0 0 1000
0 0 1001
0 0 1000
0 0 1000
0 0 1000
0 0 1000
16 291189 1000
36 401885 1000
1 7065 1000
13 938866 1000
0 0 1002
0 0 1002
0 0 1000
0 0 1002
0 0 1003
0 0 1002
14 702202 1000
15 133518 1003
0 0 1000
5 29393 1001
0 0 1000
1 1111 1000
0 0 1000
0 0 1000
0 0 1000
0 0 1000
1 1111 1000
4 24438 1000
0 0 1000
2 31837 1001
0 0 1000
2 2774 1000
0 0 1000
0 0 1002
0 0 1000
0 0 1000
3 1387310 1000
11 161474 1002
0 0 1000
2 21225 1001
0 0 1000
0 0 1002
0 0 1000
0 0 1000
0 0 1000
0 0 1000
16 123320 1001
9 105825 1000
0 0 1000
0 0 1000
0 0 1000
0 0 1000
0 0 1000
0 0 1000
0 0 1000
0 0 1000
27 2720532 1000
8 71614 1000
8 6533444 1000
0 0 1000
0 0 1000
0 0 1000
0 0 1000
0 0 1000
0 0 1000
0 0 1000
8 1175390 1000
4 27906 1000
4 11682 1000
2 15646 1000
0 0 1000
3 238183 1000
3 621150 1000
0 0 1000
0 0 1000
0 0 1004
5 102673 1000
16 69508 1000
0 0 1000
0 0 1000
0 0 1000
0 0 1003
0 0 1000
0 0 1003
0 0 1000
0 0 1000
14 3351480 1000
1 2917 1001
1 4014 1000
0 0 1000
0 0 1000
4 10095 1000
0 0 1000
0 0 1000
0 0 1000
0 0 1000
23 355271 1000
8 124791 1000
8 86284 1000
0 0 1000
0 0 1000
0 0 1000
0 0 1000
0 0 1000
0 0 1000
0 0 1000
29 812523 1000
0 0 1000
4 12833 1000
0 0 1000
0 0 1000
15 114415 1000
9 62614 1000
0 0 1000
0 0 1003
0 0 1000
36 280913 1000
17 245730 1000
4 18539 1000
0 0 1000
0 0 1000
0 0 1000
4 46042 1000
0 0 1000
0 0 1000
0 0 1000
14 834786 1000
15 1206616 1002
20 73869 1001
0 0 1000
0 0 1003
3 10416 1000
18 206978 1000
0 0 1000
0 0 1000
0 0 1000
22 211657 1000
13 100557 1000
